<?xml version="1.0" encoding="UTF-8"?>
<coverage generated="1747928942">
  <project timestamp="1747928942" name="Clover Coverage">
    <package name="FaimMedia\Migration">
      <file name="/app/src/Exception.php">
        <class name="FaimMedia\Migration\Exception" namespace="FaimMedia\Migration">
          <metrics complexity="0" methods="0" coveredmethods="0" conditionals="0" coveredconditionals="0" statements="0" coveredstatements="0" elements="0" coveredelements="0"/>
        </class>
        <metrics loc="59" ncloc="29" classes="0" methods="0" coveredmethods="0" conditionals="0" coveredconditionals="0" statements="0" coveredstatements="0" elements="0" coveredelements="0"/>
      </file>
      <file name="/app/src/Migration.php">
        <class name="FaimMedia\Migration\Migration" namespace="FaimMedia\Migration">
          <metrics complexity="74" methods="17" coveredmethods="9" conditionals="0" coveredconditionals="0" statements="226" coveredstatements="185" elements="243" coveredelements="194"/>
        </class>
        <line num="36" type="method" name="__construct" visibility="public" complexity="4" crap="4.06" count="27"/>
        <line num="41" type="stmt" count="27"/>
        <line num="42" type="stmt" count="27"/>
        <line num="43" type="stmt" count="27"/>
        <line num="44" type="stmt" count="27"/>
        <line num="45" type="stmt" count="27"/>
        <line num="46" type="stmt" count="27"/>
        <line num="47" type="stmt" count="27"/>
        <line num="48" type="stmt" count="27"/>
        <line num="49" type="stmt" count="27"/>
        <line num="51" type="stmt" count="27"/>
        <line num="52" type="stmt" count="0"/>
        <line num="55" type="stmt" count="27"/>
        <line num="57" type="stmt" count="27"/>
        <line num="58" type="stmt" count="0"/>
        <line num="61" type="stmt" count="27"/>
        <line num="63" type="stmt" count="27"/>
        <line num="64" type="stmt" count="0"/>
        <line num="67" type="stmt" count="27"/>
        <line num="68" type="stmt" count="27"/>
        <line num="74" type="method" name="setTableName" visibility="public" complexity="1" crap="1" count="1"/>
        <line num="76" type="stmt" count="1"/>
        <line num="82" type="method" name="setPath" visibility="public" complexity="3" crap="5.67" count="27"/>
        <line num="84" type="stmt" count="27"/>
        <line num="85" type="stmt" count="0"/>
        <line num="86" type="stmt" count="0"/>
        <line num="87" type="stmt" count="0"/>
        <line num="88" type="stmt" count="0"/>
        <line num="91" type="stmt" count="27"/>
        <line num="97" type="method" name="getStatus" visibility="public" complexity="2" crap="3.19" count="27"/>
        <line num="100" type="stmt" count="27"/>
        <line num="101" type="stmt" count="0"/>
        <line num="102" type="stmt" count="0"/>
        <line num="111" type="method" name="createMigrationTable" visibility="public" complexity="1" crap="1" count="27"/>
        <line num="113" type="stmt" count="27"/>
        <line num="114" type="stmt" count="27"/>
        <line num="120" type="stmt" count="27"/>
        <line num="126" type="method" name="run" visibility="public" complexity="5" crap="12.41" count="12"/>
        <line num="128" type="stmt" count="12"/>
        <line num="129" type="stmt" count="0"/>
        <line num="133" type="stmt" count="12"/>
        <line num="134" type="stmt" count="0"/>
        <line num="135" type="stmt" count="0"/>
        <line num="136" type="stmt" count="0"/>
        <line num="139" type="stmt" count="0"/>
        <line num="142" type="stmt" count="12"/>
        <line num="143" type="stmt" count="0"/>
        <line num="150" type="method" name="runMigration" visibility="protected" complexity="15" crap="15.17" count="12"/>
        <line num="152" type="stmt" count="12"/>
        <line num="153" type="stmt" count="11"/>
        <line num="156" type="stmt" count="12"/>
        <line num="161" type="stmt" count="12"/>
        <line num="162" type="stmt" count="11"/>
        <line num="164" type="stmt" count="11"/>
        <line num="165" type="stmt" count="11"/>
        <line num="166" type="stmt" count="3"/>
        <line num="168" type="stmt" count="3"/>
        <line num="170" type="stmt" count="3"/>
        <line num="171" type="stmt" count="2"/>
        <line num="172" type="stmt" count="2"/>
        <line num="173" type="stmt" count="2"/>
        <line num="174" type="stmt" count="2"/>
        <line num="175" type="stmt" count="2"/>
        <line num="178" type="stmt" count="0"/>
        <line num="184" type="stmt" count="12"/>
        <line num="186" type="stmt" count="12"/>
        <line num="187" type="stmt" count="12"/>
        <line num="188" type="stmt" count="12"/>
        <line num="189" type="stmt" count="10"/>
        <line num="192" type="stmt" count="12"/>
        <line num="194" type="stmt" count="12"/>
        <line num="196" type="stmt" count="12"/>
        <line num="197" type="stmt" count="12"/>
        <line num="198" type="stmt" count="4"/>
        <line num="199" type="stmt" count="4"/>
        <line num="200" type="stmt" count="4"/>
        <line num="201" type="stmt" count="4"/>
        <line num="204" type="stmt" count="0"/>
        <line num="209" type="stmt" count="12"/>
        <line num="210" type="stmt" count="0"/>
        <line num="212" type="stmt" count="12"/>
        <line num="221" type="method" name="validateVersion" visibility="public" complexity="6" crap="6" count="27"/>
        <line num="223" type="stmt" count="27"/>
        <line num="224" type="stmt" count="1"/>
        <line num="225" type="stmt" count="1"/>
        <line num="226" type="stmt" count="1"/>
        <line num="227" type="stmt" count="1"/>
        <line num="230" type="stmt" count="27"/>
        <line num="231" type="stmt" count="27"/>
        <line num="232" type="stmt" count="1"/>
        <line num="233" type="stmt" count="1"/>
        <line num="234" type="stmt" count="1"/>
        <line num="235" type="stmt" count="1"/>
        <line num="238" type="stmt" count="27"/>
        <line num="239" type="stmt" count="1"/>
        <line num="240" type="stmt" count="1"/>
        <line num="241" type="stmt" count="1"/>
        <line num="242" type="stmt" count="1"/>
        <line num="245" type="stmt" count="27"/>
        <line num="253" type="method" name="getStructure" visibility="public" complexity="8" crap="11.49" count="27"/>
        <line num="255" type="stmt" count="27"/>
        <line num="256" type="stmt" count="12"/>
        <line num="259" type="stmt" count="27"/>
        <line num="261" type="stmt" count="27"/>
        <line num="262" type="stmt" count="27"/>
        <line num="263" type="stmt" count="27"/>
        <line num="265" type="stmt" count="27"/>
        <line num="266" type="stmt" count="27"/>
        <line num="271" type="stmt" count="27"/>
        <line num="272" type="stmt" count="27"/>
        <line num="273" type="stmt" count="27"/>
        <line num="277" type="stmt" count="27"/>
        <line num="278" type="stmt" count="0"/>
        <line num="279" type="stmt" count="0"/>
        <line num="280" type="stmt" count="0"/>
        <line num="281" type="stmt" count="0"/>
        <line num="282" type="stmt" count="0"/>
        <line num="283" type="stmt" count="0"/>
        <line num="286" type="stmt" count="0"/>
        <line num="289" type="stmt" count="27"/>
        <line num="290" type="stmt" count="27"/>
        <line num="293" type="stmt" count="27"/>
        <line num="296" type="stmt" count="27"/>
        <line num="297" type="stmt" count="0"/>
        <line num="298" type="stmt" count="0"/>
        <line num="299" type="stmt" count="0"/>
        <line num="300" type="stmt" count="0"/>
        <line num="303" type="stmt" count="27"/>
        <line num="305" type="stmt" count="27"/>
        <line num="313" type="method" name="importFile" visibility="public" complexity="16" crap="16.27" count="17"/>
        <line num="319" type="stmt" count="17"/>
        <line num="320" type="stmt" count="17"/>
        <line num="321" type="stmt" count="17"/>
        <line num="323" type="stmt" count="17"/>
        <line num="324" type="stmt" count="0"/>
        <line num="325" type="stmt" count="0"/>
        <line num="326" type="stmt" count="0"/>
        <line num="327" type="stmt" count="0"/>
        <line num="330" type="stmt" count="17"/>
        <line num="331" type="stmt" count="1"/>
        <line num="332" type="stmt" count="1"/>
        <line num="333" type="stmt" count="1"/>
        <line num="334" type="stmt" count="1"/>
        <line num="337" type="stmt" count="16"/>
        <line num="339" type="stmt" count="16"/>
        <line num="344" type="stmt" count="16"/>
        <line num="345" type="stmt" count="16"/>
        <line num="346" type="stmt" count="16"/>
        <line num="349" type="stmt" count="16"/>
        <line num="351" type="stmt" count="16"/>
        <line num="352" type="stmt" count="16"/>
        <line num="353" type="stmt" count="16"/>
        <line num="354" type="stmt" count="16"/>
        <line num="356" type="stmt" count="16"/>
        <line num="361" type="stmt" count="16"/>
        <line num="362" type="stmt" count="1"/>
        <line num="363" type="stmt" count="1"/>
        <line num="364" type="stmt" count="1"/>
        <line num="365" type="stmt" count="1"/>
        <line num="368" type="stmt" count="15"/>
        <line num="369" type="stmt" count="5"/>
        <line num="370" type="stmt" count="5"/>
        <line num="371" type="stmt" count="5"/>
        <line num="372" type="stmt" count="5"/>
        <line num="378" type="stmt" count="15"/>
        <line num="380" type="stmt" count="15"/>
        <line num="381" type="stmt" count="0"/>
        <line num="384" type="stmt" count="15"/>
        <line num="389" type="stmt" count="15"/>
        <line num="390" type="stmt" count="4"/>
        <line num="391" type="stmt" count="4"/>
        <line num="393" type="stmt" count="4"/>
        <line num="394" type="stmt" count="4"/>
        <line num="395" type="stmt" count="4"/>
        <line num="396" type="stmt" count="4"/>
        <line num="397" type="stmt" count="4"/>
        <line num="403" type="stmt" count="15"/>
        <line num="404" type="stmt" count="12"/>
        <line num="405" type="stmt" count="12"/>
        <line num="407" type="stmt" count="12"/>
        <line num="409" type="stmt" count="12"/>
        <line num="410" type="stmt" count="12"/>
        <line num="411" type="stmt" count="12"/>
        <line num="412" type="stmt" count="12"/>
        <line num="413" type="stmt" count="12"/>
        <line num="416" type="stmt" count="15"/>
        <line num="417" type="stmt" count="0"/>
        <line num="420" type="stmt" count="15"/>
        <line num="422" type="stmt" count="15"/>
        <line num="428" type="method" name="importSqlFile" visibility="public" complexity="5" crap="5.68" count="19"/>
        <line num="430" type="stmt" count="19"/>
        <line num="431" type="stmt" count="1"/>
        <line num="432" type="stmt" count="1"/>
        <line num="433" type="stmt" count="1"/>
        <line num="434" type="stmt" count="1"/>
        <line num="437" type="stmt" count="18"/>
        <line num="438" type="stmt" count="18"/>
        <line num="439" type="stmt" count="18"/>
        <line num="441" type="stmt" count="18"/>
        <line num="442" type="stmt" count="4"/>
        <line num="443" type="stmt" count="4"/>
        <line num="444" type="stmt" count="4"/>
        <line num="445" type="stmt" count="4"/>
        <line num="449" type="stmt" count="17"/>
        <line num="450" type="stmt" count="0"/>
        <line num="451" type="stmt" count="0"/>
        <line num="452" type="stmt" count="0"/>
        <line num="454" type="stmt" count="0"/>
        <line num="455" type="stmt" count="0"/>
        <line num="458" type="stmt" count="0"/>
        <line num="465" type="method" name="deleteMigrationRow" visibility="protected" complexity="1" crap="1" count="2"/>
        <line num="467" type="stmt" count="2"/>
        <line num="468" type="stmt" count="2"/>
        <line num="470" type="stmt" count="2"/>
        <line num="471" type="stmt" count="2"/>
        <line num="472" type="stmt" count="2"/>
        <line num="473" type="stmt" count="2"/>
        <line num="474" type="stmt" count="2"/>
        <line num="480" type="method" name="getMigrationsForDowngrade" visibility="public" complexity="2" crap="2" count="11"/>
        <line num="482" type="stmt" count="11"/>
        <line num="483" type="stmt" count="11"/>
        <line num="484" type="stmt" count="11"/>
        <line num="487" type="stmt" count="11"/>
        <line num="489" type="stmt" count="11"/>
        <line num="490" type="stmt" count="11"/>
        <line num="491" type="stmt" count="11"/>
        <line num="493" type="stmt" count="11"/>
        <line num="495" type="stmt" count="11"/>
        <line num="496" type="stmt" count="11"/>
        <line num="497" type="stmt" count="3"/>
        <line num="500" type="stmt" count="11"/>
        <line num="506" type="method" name="downgradeFile" visibility="public" complexity="1" crap="1" count="6"/>
        <line num="508" type="stmt" count="6"/>
        <line num="514" type="method" name="versionPad" visibility="public" complexity="1" crap="1" count="17"/>
        <line num="516" type="stmt" count="17"/>
        <line num="524" type="method" name="query" visibility="public" complexity="2" crap="2" count="2"/>
        <line num="530" type="stmt" count="2"/>
        <line num="532" type="stmt" count="2"/>
        <line num="533" type="stmt" count="2"/>
        <line num="534" type="stmt" count="1"/>
        <line num="537" type="stmt" count="1"/>
        <line num="543" type="method" name="getPdo" visibility="public" complexity="1" crap="1" count="1"/>
        <line num="545" type="stmt" count="1"/>
        <metrics loc="548" ncloc="465" classes="1" methods="17" coveredmethods="9" conditionals="0" coveredconditionals="0" statements="226" coveredstatements="185" elements="243" coveredelements="194"/>
      </file>
    </package>
    <file name="/app/src/Logger/ColorEnum.php">
      <metrics loc="19" ncloc="16" classes="0" methods="0" coveredmethods="0" conditionals="0" coveredconditionals="0" statements="0" coveredstatements="0" elements="0" coveredelements="0"/>
    </file>
    <file name="/app/src/Logger/LoggerInterface.php">
      <metrics loc="23" ncloc="17" classes="0" methods="0" coveredmethods="0" conditionals="0" coveredconditionals="0" statements="0" coveredstatements="0" elements="0" coveredelements="0"/>
    </file>
    <package name="FaimMedia\Migration\Logger">
      <file name="/app/src/Logger/Noop.php">
        <class name="FaimMedia\Migration\Logger\Noop" namespace="FaimMedia\Migration\Logger">
          <metrics complexity="1" methods="1" coveredmethods="1" conditionals="0" coveredconditionals="0" statements="1" coveredstatements="1" elements="2" coveredelements="2"/>
        </class>
        <line num="20" type="method" name="output" visibility="public" complexity="1" crap="1" count="16"/>
        <line num="26" type="stmt" count="16"/>
        <metrics loc="28" ncloc="22" classes="1" methods="1" coveredmethods="1" conditionals="0" coveredconditionals="0" statements="1" coveredstatements="1" elements="2" coveredelements="2"/>
      </file>
    </package>
    <metrics files="5" loc="677" ncloc="549" classes="2" methods="18" coveredmethods="10" conditionals="0" coveredconditionals="0" statements="227" coveredstatements="186" elements="245" coveredelements="196"/>
  </project>
</coverage>
